<?xml version="1.0" encoding="UTF-8"?>
<!-- Generated by org.testng.reporters.JUnitReportReporter -->
<testsuite hostname="DESKTOP-5BS5P0S" failures="0" tests="1" name="runners.TestRunner" time="30.893" errors="0" timestamp="2025-03-23T12:38:32 IST" skipped="0">
  <testcase classname="runners.TestRunner" name="runScenario" time="30.893"/>
</testsuite> <!-- runners.TestRunner -->
