<?xml version="1.0" encoding="UTF-8"?>
<!-- Generated by org.testng.reporters.JUnitReportReporter -->
<testsuite hostname="DESKTOP-5BS5P0S" failures="0" tests="2" name="runners.TestRunner" time="55.228" errors="0" timestamp="2025-03-23T10:58:41 IST" skipped="0">
  <testcase classname="runners.TestRunner" name="runScenario" time="28.933"/>
  <testcase classname="runners.TestRunner" name="runScenario" time="26.295"/>
</testsuite> <!-- runners.TestRunner -->
